<?xml version="1.0" encoding="UTF-8"?>
<!-- Generated by org.testng.reporters.JUnitXMLReporter -->
<testsuite hostname="Shivaji" ignored="0" name="Default test(failed)" tests="3" failures="0" timestamp="2022-05-08T16:41:37 IST" time="0.087" errors="0">
  <testcase name="Test3" time="0.013" classname="Selenium.TestNG1"/>
  <testcase name="Test1" time="0.002" classname="Selenium.TestNG1"/>
  <testcase name="Test2" time="0.001" classname="Selenium.TestNG1"/>
</testsuite> <!-- Default test(failed) -->
